<?xml version="1.0" encoding="UTF-8"?>
<testsuites name="try_catch_failed_status" time="35" tests="0" failures="1" errors="0">
   <testsuite name="try_catch_failed_status" tests="0" failures="1" errors="0" time="35" timestamp="2018-01-22 11:50:11" hostname="yong - 10.32.211.110" id="Test Suites/try_catch_failed_status">
      <properties>
         <property name="deviceName" value=""/>
         <property name="devicePlatform" value=""/>
         <property name="logFolder" value="/Users/yong/Katalon Studio/katalon_demo/Reports/try_catch_failed_status/20180122_115009"/>
         <property name="logFiles" value="/Users/yong/Katalon Studio/katalon_demo/Reports/try_catch_failed_status/20180122_115009/execution0.log"/>
         <property name="attachments" value="/Users/yong/Katalon Studio/katalon_demo/Reports/try_catch_failed_status/20180122_115009/1516593044303.png"/>
         <property name="hostName" value="yong - 10.32.211.110"/>
         <property name="os" value="Mac OS X 64bit"/>
         <property name="katalonVersion" value="5.2.0.1"/>
         <property name="browser" value="Chrome 63.0.3239.132"/>
         <property name="hostAddress" value="10.32.211.110"/>
         <property name="sessionId" value="aaefefcb3c970c2d0f7cbedd60eea05c"/>
         <property name="seleniumVersion" value="3.7.1"/>
         <property name="proxyInformation" value="ProxyInformation{proxyOption=NO_PROXY, proxyServerType=HTTP, password=, proxyServerAddress=, proxyServerPort=0}"/>
         <property name="platform" value="Mac OS X"/>
      </properties>
      <testcase name="Test Cases/TC_try_catch_failed_status" classname="Test Cases/TC_try_catch_failed_status" status="FAILED">
         <failure type="FAILED" message="Unable to click on object 'Object Repository/Page_Google/input_lsb' (Root cause: com.kms.katalon.core.webui.exception.WebElementNotFoundException: Web element with id: 'Object Repository/Page_Google/input_lsb' located by 'By.xpath: //input[count(. | //*[@type = 'button']) = count(//*[@type = 'button'])]' not found)"/>
         <system-out><![CDATA[2018-01-22 11:50:11 - [TEST_CASE][FAILED] - Test Cases/TC_try_catch_failed_status: Unable to click on object 'Object Repository/Page_Google/input_lsb' (Root cause: com.kms.katalon.core.webui.exception.WebElementNotFoundException: Web element with id: 'Object Repository/Page_Google/input_lsb' located by 'By.xpath: //input[count(. | //*[@type = 'button']) = count(//*[@type = 'button'])]' not found)

2018-01-22 11:50:11 - [TEST_STEP][PASSED] - openBrowser: Browser is opened with url: ''

2018-01-22 11:50:13 - [MESSAGE][PASSED] - Browser is opened with url: ''

2018-01-22 11:50:13 - [TEST_STEP][FAILED] - Statement - Try: Unable to click on object 'Object Repository/Page_Google/input_lsb' (Root cause: com.kms.katalon.core.webui.exception.WebElementNotFoundException: Web element with id: 'Object Repository/Page_Google/input_lsb' located by 'By.xpath: //input[count(. | //*[@type = 'button']) = count(//*[@type = 'button'])]' not found)

2018-01-22 11:50:13 - [TEST_STEP][FAILED] - click: Unable to click on object 'Object Repository/Page_Google/input_lsb' (Root cause: com.kms.katalon.core.webui.exception.WebElementNotFoundException: Web element with id: 'Object Repository/Page_Google/input_lsb' located by 'By.xpath: //input[count(. | //*[@type = 'button']) = count(//*[@type = 'button'])]' not found)

2018-01-22 11:50:44 - [MESSAGE][FAILED] - Unable to click on object 'Object Repository/Page_Google/input_lsb' (Root cause: com.kms.katalon.core.webui.exception.WebElementNotFoundException: Web element with id: 'Object Repository/Page_Google/input_lsb' located by 'By.xpath: //input[count(. | //*[@type = 'button']) = count(//*[@type = 'button'])]' not found)
[[ATTACHMENT|/Users/yong/Katalon Studio/katalon_demo/Reports/try_catch_failed_status/20180122_115009/1516593044303.png]]

2018-01-22 11:50:44 - [TEST_STEP][PASSED] - Statement - Catch (Exception e): null

2018-01-22 11:50:44 - [TEST_STEP][PASSED] - Statement - e.printStackTrace(): null

2018-01-22 11:50:44 - [TEST_STEP][PASSED] - navigateToUrl: Navigate to 'https://www.google.com' successfully

2018-01-22 11:50:45 - [MESSAGE][PASSED] - Navigate to 'https://www.google.com' successfully

2018-01-22 11:50:45 - [TEST_STEP][PASSED] - setText: Text 'katalon' is set on object 'Object Repository/Page_Google/input_q'

2018-01-22 11:50:45 - [MESSAGE][PASSED] - Text 'katalon' is set on object 'Object Repository/Page_Google/input_q'

2018-01-22 11:50:45 - [TEST_STEP][PASSED] - click: Object: 'Object Repository/Page_Google/input_lsb' is clicked on

2018-01-22 11:50:47 - [MESSAGE][PASSED] - Object: 'Object Repository/Page_Google/input_lsb' is clicked on

2018-01-22 11:50:47 - [TEST_STEP][PASSED] - closeBrowser: Browser is closed

2018-01-22 11:50:47 - [MESSAGE][PASSED] - Browser is closed]]></system-out>
         <system-err><![CDATA[2018-01-22 11:50:11 - [TEST_CASE][FAILED] - Test Cases/TC_try_catch_failed_status: Unable to click on object 'Object Repository/Page_Google/input_lsb' (Root cause: com.kms.katalon.core.webui.exception.WebElementNotFoundException: Web element with id: 'Object Repository/Page_Google/input_lsb' located by 'By.xpath: //input[count(. | //*[@type = 'button']) = count(//*[@type = 'button'])]' not found)]]></system-err>
      </testcase>
      <system-out><![CDATA[2018-01-22 11:50:11 - [TEST_SUITE][FAILED] - try_catch_failed_status: Unable to click on object 'Object Repository/Page_Google/input_lsb' (Root cause: com.kms.katalon.core.webui.exception.WebElementNotFoundException: Web element with id: 'Object Repository/Page_Google/input_lsb' located by 'By.xpath: //input[count(. | //*[@type = 'button']) = count(//*[@type = 'button'])]' not found)]]></system-out>
      <system-err><![CDATA[2018-01-22 11:50:11 - [TEST_SUITE][FAILED] - try_catch_failed_status: Unable to click on object 'Object Repository/Page_Google/input_lsb' (Root cause: com.kms.katalon.core.webui.exception.WebElementNotFoundException: Web element with id: 'Object Repository/Page_Google/input_lsb' located by 'By.xpath: //input[count(. | //*[@type = 'button']) = count(//*[@type = 'button'])]' not found)]]></system-err>
   </testsuite>
</testsuites>
